<?xml version="1.0" encoding="UTF-8"?>
<testng-results skipped="0" failed="1" ignored="0" total="3" passed="2">
  <reporter-output>
  </reporter-output>
  <suite name="Parallel test suite" duration-ms="32923" started-at="2020-02-22T12:10:45Z" finished-at="2020-02-22T12:11:18Z">
    <groups>
    </groups>
    <test name="Login Demo" duration-ms="32923" started-at="2020-02-22T12:10:45Z" finished-at="2020-02-22T12:11:18Z">
      <class name="SighUpTS.SighUPTC">
        <test-method status="PASS" signature="beforeSuite(java.lang.String, java.lang.String, java.lang.reflect.Method)[pri:0, instance:SighUpTS.SighUPTC@ae45eb6]" name="beforeSuite" is-config="true" duration-ms="16521" started-at="2020-02-22T12:10:45Z" finished-at="2020-02-22T12:11:02Z">
          <params>
            <param index="0">
              <value>
                <![CDATA[chrome]]>
              </value>
            </param>
            <param index="1">
              <value>
                <![CDATA[http://thedemosite.co.uk/addauser.php]]>
              </value>
            </param>
            <param index="2">
              <value>
                <![CDATA[public void SighUpTS.SighUPTC.createNewUser()]]>
              </value>
            </param>
          </params>
          <reporter-output>
          </reporter-output>
        </test-method> <!-- beforeSuite -->
        <test-method status="PASS" signature="createNewUser()[pri:0, instance:SighUpTS.SighUPTC@ae45eb6]" name="createNewUser" duration-ms="2258" started-at="2020-02-22T12:11:02Z" finished-at="2020-02-22T12:11:04Z">
          <reporter-output>
          </reporter-output>
        </test-method> <!-- createNewUser -->
        <test-method status="PASS" signature="afterMethod(org.testng.ITestResult)[pri:0, instance:SighUpTS.SighUPTC@ae45eb6]" name="afterMethod" is-config="true" duration-ms="3180" started-at="2020-02-22T12:11:04Z" finished-at="2020-02-22T12:11:07Z">
          <params>
            <param index="0">
              <value>
                <![CDATA[[TestResult name=createNewUser status=SUCCESS method=SighUPTC.createNewUser()[pri:0, instance:SighUpTS.SighUPTC@ae45eb6] output={null}]]]>
              </value>
            </param>
          </params>
          <reporter-output>
          </reporter-output>
        </test-method> <!-- afterMethod -->
      </class> <!-- SighUpTS.SighUPTC -->
      <class name="LoginTS.LoginTC">
        <test-method status="PASS" signature="beforeSuite(java.lang.String, java.lang.String, java.lang.reflect.Method)[pri:0, instance:LoginTS.LoginTC@68c4039c]" name="beforeSuite" is-config="true" duration-ms="16521" started-at="2020-02-22T12:10:45Z" finished-at="2020-02-22T12:11:02Z">
          <params>
            <param index="0">
              <value>
                <![CDATA[chrome]]>
              </value>
            </param>
            <param index="1">
              <value>
                <![CDATA[http://thedemosite.co.uk/addauser.php]]>
              </value>
            </param>
            <param index="2">
              <value>
                <![CDATA[public void LoginTS.LoginTC.loginSuccessfully()]]>
              </value>
            </param>
          </params>
          <reporter-output>
          </reporter-output>
        </test-method> <!-- beforeSuite -->
        <test-method status="PASS" signature="loginSuccessfully()[pri:0, instance:LoginTS.LoginTC@68c4039c]" name="loginSuccessfully" duration-ms="4126" started-at="2020-02-22T12:11:02Z" finished-at="2020-02-22T12:11:06Z">
          <reporter-output>
          </reporter-output>
        </test-method> <!-- loginSuccessfully -->
        <test-method status="PASS" signature="afterMethod(org.testng.ITestResult)[pri:0, instance:LoginTS.LoginTC@68c4039c]" name="afterMethod" is-config="true" duration-ms="1314" started-at="2020-02-22T12:11:06Z" finished-at="2020-02-22T12:11:07Z">
          <params>
            <param index="0">
              <value>
                <![CDATA[[TestResult name=loginSuccessfully status=SUCCESS method=LoginTC.loginSuccessfully()[pri:0, instance:LoginTS.LoginTC@68c4039c] output={null}]]]>
              </value>
            </param>
          </params>
          <reporter-output>
          </reporter-output>
        </test-method> <!-- afterMethod -->
        <test-method status="PASS" signature="beforeSuite(java.lang.String, java.lang.String, java.lang.reflect.Method)[pri:0, instance:LoginTS.LoginTC@68c4039c]" name="beforeSuite" is-config="true" duration-ms="6143" started-at="2020-02-22T12:11:07Z" finished-at="2020-02-22T12:11:13Z">
          <params>
            <param index="0">
              <value>
                <![CDATA[chrome]]>
              </value>
            </param>
            <param index="1">
              <value>
                <![CDATA[http://thedemosite.co.uk/addauser.php]]>
              </value>
            </param>
            <param index="2">
              <value>
                <![CDATA[public void LoginTS.LoginTC.verifyLoginSuccessfullyMsg()]]>
              </value>
            </param>
          </params>
          <reporter-output>
          </reporter-output>
        </test-method> <!-- beforeSuite -->
        <test-method status="FAIL" signature="verifyLoginSuccessfullyMsg()[pri:0, instance:LoginTS.LoginTC@68c4039c]" name="verifyLoginSuccessfullyMsg" duration-ms="3252" started-at="2020-02-22T12:11:13Z" finished-at="2020-02-22T12:11:16Z">
          <exception class="java.lang.AssertionError">
            <message>
              <![CDATA[Unable to display successfully Msg expected [false] but found [true]]]>
            </message>
            <full-stacktrace>
              <![CDATA[java.lang.AssertionError: Unable to display successfully Msg expected [false] but found [true]
at org.testng.Assert.fail(Assert.java:96)
at org.testng.Assert.failNotEquals(Assert.java:776)
at org.testng.Assert.assertFalse(Assert.java:65)
at LoginTS.LoginTC.verifyLoginSuccessfullyMsg(LoginTC.java:81)
at sun.reflect.NativeMethodAccessorImpl.invoke0(Native Method)
at sun.reflect.NativeMethodAccessorImpl.invoke(Unknown Source)
at sun.reflect.DelegatingMethodAccessorImpl.invoke(Unknown Source)
at java.lang.reflect.Method.invoke(Unknown Source)
at org.testng.internal.MethodInvocationHelper.invokeMethod(MethodInvocationHelper.java:124)
at org.testng.internal.Invoker.invokeMethod(Invoker.java:583)
at org.testng.internal.Invoker.invokeTestMethod(Invoker.java:719)
at org.testng.internal.Invoker.invokeTestMethods(Invoker.java:989)
at org.testng.internal.TestMethodWorker.invokeTestMethods(TestMethodWorker.java:125)
at org.testng.internal.TestMethodWorker.run(TestMethodWorker.java:109)
at java.util.concurrent.ThreadPoolExecutor.runWorker(Unknown Source)
at java.util.concurrent.ThreadPoolExecutor$Worker.run(Unknown Source)
at java.lang.Thread.run(Unknown Source)
]]>
            </full-stacktrace>
          </exception> <!-- java.lang.AssertionError -->
          <reporter-output>
          </reporter-output>
        </test-method> <!-- verifyLoginSuccessfullyMsg -->
        <test-method status="PASS" signature="afterMethod(org.testng.ITestResult)[pri:0, instance:LoginTS.LoginTC@68c4039c]" name="afterMethod" is-config="true" duration-ms="1047" started-at="2020-02-22T12:11:17Z" finished-at="2020-02-22T12:11:18Z">
          <params>
            <param index="0">
              <value>
                <![CDATA[[TestResult name=verifyLoginSuccessfullyMsg status=FAILURE method=LoginTC.verifyLoginSuccessfullyMsg()[pri:0, instance:LoginTS.LoginTC@68c4039c] output={null}]]]>
              </value>
            </param>
          </params>
          <reporter-output>
          </reporter-output>
        </test-method> <!-- afterMethod -->
      </class> <!-- LoginTS.LoginTC -->
    </test> <!-- Login Demo -->
  </suite> <!-- Parallel test suite -->
</testng-results>
